<fileSet type="GOBY_ALIGNMENT" version-at-least="2.0">
    <id>instance1</id>
    <tag>UBWHKRJ</tag>
    <output_basename>%%gobyweb.webFilesDir%%/manuele.simi/SXRUJEW/</output_basename>
    <creationDate>06-FEB-13 05.25.50.660000000 PM</creationDate>
    <deletionDate></deletionDate>
    <owner>manuele.simi</owner>
    <attributes>
        <attribute name="anotherName" value="anyValue"/>
        <attribute name="organism" value="human"/>
        <attribute name="basename" value="derived-from-names"/>
    </attributes>

   <files>
       <file>sample-1.entries</file> <!-- referred as sample-1.ENTRIES -->
       <file>sample-1.header</file>
       <file>sample-1.index</file>
   </files>

</fileSet>