<task type="FIRST_TASK" version-at-least="1.0">
    <id>FirstInstance</id>
    <name>Task name goes here</name>
    <version>1.0</version>
    <tag>UBWHKRJ</tag>
    <creationDate>06-FEB-13 05.25.50.660000000 PM</creationDate>
    <deletionDate></deletionDate>
    <owner>manuele.simi</owner>
    <resources>  <!-- should we record the exact version of resources used to execute the task? I think so -->
        <resource>
            <id>GSNAP_WITH_GOBY</id>
            <versionUsed>2011.11.17</versionUsed>
        </resource>
    </resources>
    <inputSchema>
        <fileSets>
            <fileSet id="BASENAME_435436456"/>  <!-- instance of GOBY_ALIGNMENT-->
            <fileSet id="BASENAME_543533"/>  <!-- instance of DIR-->
        </fileSets>
        <filters>    <!-- filesets will be filtered with these conditions -->
            <includes> <!-- AND among includes-->
                <attribute>
                    <name>organism</name>
                    <value>human</value>
                </attribute>
                <attribute>
                    <name>anotherName</name>
                    <value>anotherValue</value>
                </attribute>
            </includes>
            <excludes>
                <!-- attributes|pattern-->
            </excludes>
        </filters>
    </inputSchema>
    <outputSchema>
        <fileSets>  <!--produced on a cluster node, to store back in the database and on the web server -->
            <fileSet id="BASENAME_3432"/> <!-- instance of LUCENE_TABLES -->
            <fileSet id="VCF_BASENAME_2"/> <!-- instance of VCF -->
        </fileSets>
    </outputSchema>
    <options>
        <option>

        </option>
    </options>
</task>