<fileSet type="STRUCTURED_GOBY_ALIGNMENT" version-at-least="2.0">
    <id>instance1/2/3</id>
    <tag>UBWHKRJ/GSFSD/FFDFDSFDS/</tag>
    <output_basename>%%gobyweb.webFilesDir%%/manuele.simi/UBWHKRJ/</output_basename>
    <creationDate>06-FEB-13 05.25.50.660000000 PM</creationDate>
    <deletionDate></deletionDate>
    <owner>manuele.simi</owner>
    <attributes>
        <attribute name="organism" value="derived-from-names"/>
        <attribute name="basename"  value="derived-from-names"/>
        <attribute name="anyString" value="anyValue"/>
    </attributes>

   <files> <!-- a single upload of the following files will produce 3 fileSet instances (I put all in a single file for reference, but there will be 3 of them -->
       <!-- first fileSet instance with with basename=sample-1,organism=human -->
       <file>sample-1/human.entries</file>  <!-- referred as sample-1.ENTRIES -->
       <file>sample-1/human.header</file>
       <file>sample-1/human.index</file>
       <!-- second fileSet instance with with basename=sample-2,organism=human -->
       <file>sample-2/human.entries</file>  <!-- referred as sample-2.ENTRIES -->
       <file>sample-2/human.header</file>
       <file>sample-2/human.index</file>
       <!-- third fileSet instance with basename=sample-3,organism=human-->
       <file>sample-3/human.entries</file>   <!-- referred as sample-3.ENTRIES -->
       <file>sample-3/human.header</file>
       <file>sample-3/human.index</file>
   </files>

</fileSet>